<?xml version="1.0" encoding="UTF-8"?>
<testng-results skipped="0" failed="0" ignored="0" total="2" passed="2">
  <reporter-output>
  </reporter-output>
  <suite name="Default suite" duration-ms="14463" started-at="2019-01-27T06:35:29Z" finished-at="2019-01-27T06:35:44Z">
    <groups>
    </groups>
    <test name="Default test" duration-ms="14463" started-at="2019-01-27T06:35:29Z" finished-at="2019-01-27T06:35:44Z">
      <class name="Request.GetData">
        <test-method status="PASS" signature="testResponse()[pri:0, instance:Request.GetData@2b98378d]" name="testResponse" duration-ms="13302" started-at="2019-01-27T06:35:30Z" finished-at="2019-01-27T06:35:43Z">
          <reporter-output>
          </reporter-output>
        </test-method> <!-- testResponse -->
        <test-method status="PASS" signature="testres2()[pri:0, instance:Request.GetData@2b98378d]" name="testres2" duration-ms="1047" started-at="2019-01-27T06:35:43Z" finished-at="2019-01-27T06:35:44Z">
          <reporter-output>
          </reporter-output>
        </test-method> <!-- testres2 -->
      </class> <!-- Request.GetData -->
    </test> <!-- Default test -->
  </suite> <!-- Default suite -->
</testng-results>
